<?xml version="1.0" encoding="UTF-8"?>
<testsuite xmlns:xsi="http://www.w3.org/2001/XMLSchema-instance" xsi:noNamespaceSchemaLocation="https://maven.apache.org/surefire/maven-surefire-plugin/xsd/surefire-test-report.xsd" name="Search" time="17.204" tests="4" errors="4" skipped="0" failures="0">
  <properties>
[...]
</properties>
  <testcase name="As a user, i want to validate if I can search using the search field" classname="Search" time="11.423">
    <error message="Could not start a new session. Response code 500. Message: session not created: This version of ChromeDriver only supports Chrome version 118&#10;Current browser version is 120.0.6099.72 with binary path C:\Program Files\Google\Chrome\Application\chrome.exe&#10;Build info: version: &apos;4.0.0-alpha-2&apos;, revision: &apos;f148142cf8&apos;, time: &apos;2019-07-01T21:30:10&apos;&#10;System info: host: &apos;DESKTOP-HJ4MA0G&apos;, ip: &apos;172.21.112.1&apos;, os.name: &apos;Windows 10&apos;, os.arch: &apos;amd64&apos;, os.version: &apos;10.0&apos;, java.version: &apos;11.0.16.1&apos;&#10;Driver info: driver.version: unknown&#10;remote stacktrace: 	GetHandleVerifier [0x00007FF6550E8EF2+54786]&#10;	(No symbol) [0x00007FF655055612]&#10;	(No symbol) [0x00007FF654F0A64B]&#10;	(No symbol) [0x00007FF654F3DC22]&#10;	(No symbol) [0x00007FF654F3D07C]&#10;	(No symbol) [0x00007FF654F37E03]&#10;	(No symbol) [0x00007FF654F353BE]&#10;	(No symbol) [0x00007FF654F73FBB]&#10;	(No symbol) [0x00007FF654F73A30]&#10;	(No symbol) [0x00007FF654F6BC43]&#10;	(No symbol) [0x00007FF654F40941]&#10;	(No symbol) [0x00007FF654F41B84]&#10;	GetHandleVerifier [0x00007FF655437F52+3524194]&#10;	GetHandleVerifier [0x00007FF65548D800+3874576]&#10;	GetHandleVerifier [0x00007FF655485D7F+3843215]&#10;	GetHandleVerifier [0x00007FF655185086+694166]&#10;	(No symbol) [0x00007FF655060A88]&#10;	(No symbol) [0x00007FF65505CA94]&#10;	(No symbol) [0x00007FF65505CBC2]&#10;	(No symbol) [0x00007FF65504CC83]&#10;	BaseThreadInitThunk [0x00007FFDF8BE7344+20]&#10;	RtlUserThreadStart [0x00007FFDF94626B1+33]&#10;&#10;Build info: version: &apos;4.1.3&apos;, revision: &apos;7b1ebf28ef&apos;&#10;System info: host: &apos;DESKTOP-HJ4MA0G&apos;, ip: &apos;172.21.112.1&apos;, os.name: &apos;Windows 10&apos;, os.arch: &apos;amd64&apos;, os.version: &apos;10.0&apos;, java.version: &apos;11.0.16.1&apos;&#10;Driver info: org.openqa.selenium.remote.RemoteWebDriver&#10;Command: [null, newSession {capabilities=[Capabilities {acceptInsecureCerts: true, browserName: chrome, goog:chromeOptions: {args: [--disable-gpu, disable-infobars, --disable-dev-shm-usage, --no-sandbox, --disable-extensions, start-maximized, --remote-allow-origins=*], extensions: []}, platformName: windows}], desiredCapabilities=Capabilities {acceptInsecureCerts: true, browserName: chrome, goog:chromeOptions: {args: [--disable-gpu, disable-infobars, --disable-dev-shm-usage, --no-sandbox, --disable-extensions, start-maximized, --remote-allow-origins=*], extensions: []}, platform: WINDOWS}}]&#10;Capabilities {}" type="org.openqa.selenium.SessionNotCreatedException">org.openqa.selenium.SessionNotCreatedException: 
Could not start a new session. Response code 500. Message: session not created: This version of ChromeDriver only supports Chrome version 118
Current browser version is 120.0.6099.72 with binary path C:\Program Files\Google\Chrome\Application\chrome.exe
Build info: version: '4.0.0-alpha-2', revision: 'f148142cf8', time: '2019-07-01T21:30:10'
System info: host: 'DESKTOP-HJ4MA0G', ip: '172.21.112.1', os.name: 'Windows 10', os.arch: 'amd64', os.version: '10.0', java.version: '11.0.16.1'
Driver info: driver.version: unknown
remote stacktrace: 	GetHandleVerifier [0x00007FF6550E8EF2+54786]
	(No symbol) [0x00007FF655055612]
	(No symbol) [0x00007FF654F0A64B]
	(No symbol) [0x00007FF654F3DC22]
	(No symbol) [0x00007FF654F3D07C]
	(No symbol) [0x00007FF654F37E03]
	(No symbol) [0x00007FF654F353BE]
	(No symbol) [0x00007FF654F73FBB]
	(No symbol) [0x00007FF654F73A30]
	(No symbol) [0x00007FF654F6BC43]
	(No symbol) [0x00007FF654F40941]
	(No symbol) [0x00007FF654F41B84]
	GetHandleVerifier [0x00007FF655437F52+3524194]
	GetHandleVerifier [0x00007FF65548D800+3874576]
	GetHandleVerifier [0x00007FF655485D7F+3843215]
	GetHandleVerifier [0x00007FF655185086+694166]
	(No symbol) [0x00007FF655060A88]
	(No symbol) [0x00007FF65505CA94]
	(No symbol) [0x00007FF65505CBC2]
	(No symbol) [0x00007FF65504CC83]
	BaseThreadInitThunk [0x00007FFDF8BE7344+20]
	RtlUserThreadStart [0x00007FFDF94626B1+33]

Build info: version: '4.1.3', revision: '7b1ebf28ef'
System info: host: 'DESKTOP-HJ4MA0G', ip: '172.21.112.1', os.name: 'Windows 10', os.arch: 'amd64', os.version: '10.0', java.version: '11.0.16.1'
Driver info: org.openqa.selenium.remote.RemoteWebDriver
Command: [null, newSession {capabilities=[Capabilities {acceptInsecureCerts: true, browserName: chrome, goog:chromeOptions: {args: [--disable-gpu, disable-infobars, --disable-dev-shm-usage, --no-sandbox, --disable-extensions, start-maximized, --remote-allow-origins=*], extensions: []}, platformName: windows}], desiredCapabilities=Capabilities {acceptInsecureCerts: true, browserName: chrome, goog:chromeOptions: {args: [--disable-gpu, disable-infobars, --disable-dev-shm-usage, --no-sandbox, --disable-extensions, start-maximized, --remote-allow-origins=*], extensions: []}, platform: WINDOWS}}]
Capabilities {}
</error>
    <system-out><![CDATA[
@SmokeScenario @search @regression @SmokeTest
Scenario Outline: As a user, i want to validate if I can search using the search field                      # src/test/resources/Features/search.feature:18
      org.openqa.selenium.SessionNotCreatedException: Could not start a new session. Response code 500. Message: session not created: This version of ChromeDriver only supports Chrome version 118
Current browser version is 120.0.6099.72 with binary path C:\Program Files\Google\Chrome\Application\chrome.exe
Build info: version: '4.0.0-alpha-2', revision: 'f148142cf8', time: '2019-07-01T21:30:10'
System info: host: 'DESKTOP-HJ4MA0G', ip: '172.21.112.1', os.name: 'Windows 10', os.arch: 'amd64', os.version: '10.0', java.version: '11.0.16.1'
Driver info: driver.version: unknown
remote stacktrace: 	GetHandleVerifier [0x00007FF6550E8EF2+54786]
	(No symbol) [0x00007FF655055612]
	(No symbol) [0x00007FF654F0A64B]
	(No symbol) [0x00007FF654F3DC22]
	(No symbol) [0x00007FF654F3D07C]
	(No symbol) [0x00007FF654F37E03]
	(No symbol) [0x00007FF654F353BE]
	(No symbol) [0x00007FF654F73FBB]
	(No symbol) [0x00007FF654F73A30]
	(No symbol) [0x00007FF654F6BC43]
	(No symbol) [0x00007FF654F40941]
	(No symbol) [0x00007FF654F41B84]
	GetHandleVerifier [0x00007FF655437F52+3524194]
	GetHandleVerifier [0x00007FF65548D800+3874576]
	GetHandleVerifier [0x00007FF655485D7F+3843215]
	GetHandleVerifier [0x00007FF655185086+694166]
	(No symbol) [0x00007FF655060A88]
	(No symbol) [0x00007FF65505CA94]
	(No symbol) [0x00007FF65505CBC2]
	(No symbol) [0x00007FF65504CC83]
	BaseThreadInitThunk [0x00007FFDF8BE7344+20]
	RtlUserThreadStart [0x00007FFDF94626B1+33]

Build info: version: '4.1.3', revision: '7b1ebf28ef'
System info: host: 'DESKTOP-HJ4MA0G', ip: '172.21.112.1', os.name: 'Windows 10', os.arch: 'amd64', os.version: '10.0', java.version: '11.0.16.1'
Driver info: org.openqa.selenium.remote.RemoteWebDriver
Command: [null, newSession {capabilities=[Capabilities {acceptInsecureCerts: true, browserName: chrome, goog:chromeOptions: {args: [--disable-gpu, disable-infobars, --disable-dev-shm-usage, --no-sandbox, --disable-extensions, start-maximized, --remote-allow-origins=*], extensions: []}, platformName: windows}], desiredCapabilities=Capabilities {acceptInsecureCerts: true, browserName: chrome, goog:chromeOptions: {args: [--disable-gpu, disable-infobars, --disable-dev-shm-usage, --no-sandbox, --disable-extensions, start-maximized, --remote-allow-origins=*], extensions: []}, platform: WINDOWS}}]
Capabilities {}
	at org.openqa.selenium.remote.ProtocolHandshake.createSession(ProtocolHandshake.java:126)
	at org.openqa.selenium.remote.ProtocolHandshake.createSession(ProtocolHandshake.java:84)
	at org.openqa.selenium.remote.ProtocolHandshake.createSession(ProtocolHandshake.java:62)
	at org.openqa.selenium.remote.HttpCommandExecutor.execute(HttpCommandExecutor.java:156)
	at org.openqa.selenium.remote.TracedCommandExecutor.execute(TracedCommandExecutor.java:51)
	at org.openqa.selenium.remote.RemoteWebDriver.execute(RemoteWebDriver.java:567)
	at org.openqa.selenium.remote.RemoteWebDriver.startSession(RemoteWebDriver.java:248)
	at org.openqa.selenium.remote.RemoteWebDriver.<init>(RemoteWebDriver.java:164)
	at org.openqa.selenium.remote.RemoteWebDriver.<init>(RemoteWebDriver.java:146)
	at StepDefinitions.Hooks.startTest(Hooks.java:50)

  Given I navigate to url                                                                                   # StepDefinitions.NavigationSteps.i_navigate_to_url()
  And The item to be "MPK MINI PLAY MK3 MINI CONTROLLER KEYBOARD WITH SPEAKERS"                             # StepDefinitions.SearchPageSteps.and_the_item_to_be_searched(java.lang.String)
  Then I validate if i am redirected to the "MPK MINI PLAY MK3 MINI CONTROLLER KEYBOARD WITH SPEAKERS" item # StepDefinitions.SearchPageSteps.i_validate_if_i_am_redirected_to_the_searched_item(java.lang.String)
      java.lang.NullPointerException
	at StepDefinitions.Hooks.tearDown(Hooks.java:66)

]]></system-out>
  </testcase>
  <testcase name="As a user, i want to validate if I can search using the search field" classname="Search" time="0">
    <error type="java.lang.NullPointerException">java.lang.NullPointerException
</error>
  </testcase>
  <testcase name="As a user, i want to validate if I I receive search results even if there are typos or content isn&apos;t found" classname="Search" time="5.781">
    <error message="Could not start a new session. Response code 500. Message: session not created: This version of ChromeDriver only supports Chrome version 118&#10;Current browser version is 120.0.6099.72 with binary path C:\Program Files\Google\Chrome\Application\chrome.exe&#10;Build info: version: &apos;4.0.0-alpha-2&apos;, revision: &apos;f148142cf8&apos;, time: &apos;2019-07-01T21:30:10&apos;&#10;System info: host: &apos;DESKTOP-HJ4MA0G&apos;, ip: &apos;172.21.112.1&apos;, os.name: &apos;Windows 10&apos;, os.arch: &apos;amd64&apos;, os.version: &apos;10.0&apos;, java.version: &apos;11.0.16.1&apos;&#10;Driver info: driver.version: unknown&#10;remote stacktrace: 	GetHandleVerifier [0x00007FF6550E8EF2+54786]&#10;	(No symbol) [0x00007FF655055612]&#10;	(No symbol) [0x00007FF654F0A64B]&#10;	(No symbol) [0x00007FF654F3DC22]&#10;	(No symbol) [0x00007FF654F3D07C]&#10;	(No symbol) [0x00007FF654F37E03]&#10;	(No symbol) [0x00007FF654F353BE]&#10;	(No symbol) [0x00007FF654F73FBB]&#10;	(No symbol) [0x00007FF654F73A30]&#10;	(No symbol) [0x00007FF654F6BC43]&#10;	(No symbol) [0x00007FF654F40941]&#10;	(No symbol) [0x00007FF654F41B84]&#10;	GetHandleVerifier [0x00007FF655437F52+3524194]&#10;	GetHandleVerifier [0x00007FF65548D800+3874576]&#10;	GetHandleVerifier [0x00007FF655485D7F+3843215]&#10;	GetHandleVerifier [0x00007FF655185086+694166]&#10;	(No symbol) [0x00007FF655060A88]&#10;	(No symbol) [0x00007FF65505CA94]&#10;	(No symbol) [0x00007FF65505CBC2]&#10;	(No symbol) [0x00007FF65504CC83]&#10;	BaseThreadInitThunk [0x00007FFDF8BE7344+20]&#10;	RtlUserThreadStart [0x00007FFDF94626B1+33]&#10;&#10;Build info: version: &apos;4.1.3&apos;, revision: &apos;7b1ebf28ef&apos;&#10;System info: host: &apos;DESKTOP-HJ4MA0G&apos;, ip: &apos;172.21.112.1&apos;, os.name: &apos;Windows 10&apos;, os.arch: &apos;amd64&apos;, os.version: &apos;10.0&apos;, java.version: &apos;11.0.16.1&apos;&#10;Driver info: org.openqa.selenium.remote.RemoteWebDriver&#10;Command: [null, newSession {capabilities=[Capabilities {acceptInsecureCerts: true, browserName: chrome, goog:chromeOptions: {args: [--disable-gpu, disable-infobars, --disable-dev-shm-usage, --no-sandbox, --disable-extensions, start-maximized, --remote-allow-origins=*], extensions: []}, platformName: windows}], desiredCapabilities=Capabilities {acceptInsecureCerts: true, browserName: chrome, goog:chromeOptions: {args: [--disable-gpu, disable-infobars, --disable-dev-shm-usage, --no-sandbox, --disable-extensions, start-maximized, --remote-allow-origins=*], extensions: []}, platform: WINDOWS}}]&#10;Capabilities {}" type="org.openqa.selenium.SessionNotCreatedException">org.openqa.selenium.SessionNotCreatedException: 
Could not start a new session. Response code 500. Message: session not created: This version of ChromeDriver only supports Chrome version 118
Current browser version is 120.0.6099.72 with binary path C:\Program Files\Google\Chrome\Application\chrome.exe
Build info: version: '4.0.0-alpha-2', revision: 'f148142cf8', time: '2019-07-01T21:30:10'
System info: host: 'DESKTOP-HJ4MA0G', ip: '172.21.112.1', os.name: 'Windows 10', os.arch: 'amd64', os.version: '10.0', java.version: '11.0.16.1'
Driver info: driver.version: unknown
remote stacktrace: 	GetHandleVerifier [0x00007FF6550E8EF2+54786]
	(No symbol) [0x00007FF655055612]
	(No symbol) [0x00007FF654F0A64B]
	(No symbol) [0x00007FF654F3DC22]
	(No symbol) [0x00007FF654F3D07C]
	(No symbol) [0x00007FF654F37E03]
	(No symbol) [0x00007FF654F353BE]
	(No symbol) [0x00007FF654F73FBB]
	(No symbol) [0x00007FF654F73A30]
	(No symbol) [0x00007FF654F6BC43]
	(No symbol) [0x00007FF654F40941]
	(No symbol) [0x00007FF654F41B84]
	GetHandleVerifier [0x00007FF655437F52+3524194]
	GetHandleVerifier [0x00007FF65548D800+3874576]
	GetHandleVerifier [0x00007FF655485D7F+3843215]
	GetHandleVerifier [0x00007FF655185086+694166]
	(No symbol) [0x00007FF655060A88]
	(No symbol) [0x00007FF65505CA94]
	(No symbol) [0x00007FF65505CBC2]
	(No symbol) [0x00007FF65504CC83]
	BaseThreadInitThunk [0x00007FFDF8BE7344+20]
	RtlUserThreadStart [0x00007FFDF94626B1+33]

Build info: version: '4.1.3', revision: '7b1ebf28ef'
System info: host: 'DESKTOP-HJ4MA0G', ip: '172.21.112.1', os.name: 'Windows 10', os.arch: 'amd64', os.version: '10.0', java.version: '11.0.16.1'
Driver info: org.openqa.selenium.remote.RemoteWebDriver
Command: [null, newSession {capabilities=[Capabilities {acceptInsecureCerts: true, browserName: chrome, goog:chromeOptions: {args: [--disable-gpu, disable-infobars, --disable-dev-shm-usage, --no-sandbox, --disable-extensions, start-maximized, --remote-allow-origins=*], extensions: []}, platformName: windows}], desiredCapabilities=Capabilities {acceptInsecureCerts: true, browserName: chrome, goog:chromeOptions: {args: [--disable-gpu, disable-infobars, --disable-dev-shm-usage, --no-sandbox, --disable-extensions, start-maximized, --remote-allow-origins=*], extensions: []}, platform: WINDOWS}}]
Capabilities {}
</error>
    <system-out><![CDATA[
@SmokeScenario @search @regression @SmokeTest
Scenario Outline: As a user, i want to validate if I I receive search results even if there are typos or content isn't found # src/test/resources/Features/search.feature:27
      org.openqa.selenium.SessionNotCreatedException: Could not start a new session. Response code 500. Message: session not created: This version of ChromeDriver only supports Chrome version 118
Current browser version is 120.0.6099.72 with binary path C:\Program Files\Google\Chrome\Application\chrome.exe
Build info: version: '4.0.0-alpha-2', revision: 'f148142cf8', time: '2019-07-01T21:30:10'
System info: host: 'DESKTOP-HJ4MA0G', ip: '172.21.112.1', os.name: 'Windows 10', os.arch: 'amd64', os.version: '10.0', java.version: '11.0.16.1'
Driver info: driver.version: unknown
remote stacktrace: 	GetHandleVerifier [0x00007FF6550E8EF2+54786]
	(No symbol) [0x00007FF655055612]
	(No symbol) [0x00007FF654F0A64B]
	(No symbol) [0x00007FF654F3DC22]
	(No symbol) [0x00007FF654F3D07C]
	(No symbol) [0x00007FF654F37E03]
	(No symbol) [0x00007FF654F353BE]
	(No symbol) [0x00007FF654F73FBB]
	(No symbol) [0x00007FF654F73A30]
	(No symbol) [0x00007FF654F6BC43]
	(No symbol) [0x00007FF654F40941]
	(No symbol) [0x00007FF654F41B84]
	GetHandleVerifier [0x00007FF655437F52+3524194]
	GetHandleVerifier [0x00007FF65548D800+3874576]
	GetHandleVerifier [0x00007FF655485D7F+3843215]
	GetHandleVerifier [0x00007FF655185086+694166]
	(No symbol) [0x00007FF655060A88]
	(No symbol) [0x00007FF65505CA94]
	(No symbol) [0x00007FF65505CBC2]
	(No symbol) [0x00007FF65504CC83]
	BaseThreadInitThunk [0x00007FFDF8BE7344+20]
	RtlUserThreadStart [0x00007FFDF94626B1+33]

Build info: version: '4.1.3', revision: '7b1ebf28ef'
System info: host: 'DESKTOP-HJ4MA0G', ip: '172.21.112.1', os.name: 'Windows 10', os.arch: 'amd64', os.version: '10.0', java.version: '11.0.16.1'
Driver info: org.openqa.selenium.remote.RemoteWebDriver
Command: [null, newSession {capabilities=[Capabilities {acceptInsecureCerts: true, browserName: chrome, goog:chromeOptions: {args: [--disable-gpu, disable-infobars, --disable-dev-shm-usage, --no-sandbox, --disable-extensions, start-maximized, --remote-allow-origins=*], extensions: []}, platformName: windows}], desiredCapabilities=Capabilities {acceptInsecureCerts: true, browserName: chrome, goog:chromeOptions: {args: [--disable-gpu, disable-infobars, --disable-dev-shm-usage, --no-sandbox, --disable-extensions, start-maximized, --remote-allow-origins=*], extensions: []}, platform: WINDOWS}}]
Capabilities {}
	at org.openqa.selenium.remote.ProtocolHandshake.createSession(ProtocolHandshake.java:126)
	at org.openqa.selenium.remote.ProtocolHandshake.createSession(ProtocolHandshake.java:84)
	at org.openqa.selenium.remote.ProtocolHandshake.createSession(ProtocolHandshake.java:62)
	at org.openqa.selenium.remote.HttpCommandExecutor.execute(HttpCommandExecutor.java:156)
	at org.openqa.selenium.remote.TracedCommandExecutor.execute(TracedCommandExecutor.java:51)
	at org.openqa.selenium.remote.RemoteWebDriver.execute(RemoteWebDriver.java:567)
	at org.openqa.selenium.remote.RemoteWebDriver.startSession(RemoteWebDriver.java:248)
	at org.openqa.selenium.remote.RemoteWebDriver.<init>(RemoteWebDriver.java:164)
	at org.openqa.selenium.remote.RemoteWebDriver.<init>(RemoteWebDriver.java:146)
	at StepDefinitions.Hooks.startTest(Hooks.java:50)

  Given I navigate to url                                                                                                    # StepDefinitions.NavigationSteps.i_navigate_to_url()
  And The item to be "TESTING SEARCH ITEMS"                                                                                  # StepDefinitions.SearchPageSteps.and_the_item_to_be_searched(java.lang.String)
  Then I validate if i am redirected to the "TESTING SEARCH ITEMS" item                                                      # StepDefinitions.SearchPageSteps.i_validate_if_i_am_redirected_to_the_searched_item(java.lang.String)
      java.lang.NullPointerException
	at StepDefinitions.Hooks.tearDown(Hooks.java:66)

]]></system-out>
  </testcase>
  <testcase name="As a user, i want to validate if I I receive search results even if there are typos or content isn&apos;t found" classname="Search" time="0">
    <error type="java.lang.NullPointerException">java.lang.NullPointerException
</error>
  </testcase>
</testsuite>